<?xml version="1.0" encoding="UTF-8"?>
<!-- Generated by org.testng.reporters.JUnitXMLReporter -->
<testsuite ignored="0" hostname="DESKTOP-1ENRTF8" failures="0" tests="3" name="Surefire test" time="0.263" errors="0" timestamp="2021-07-26T17:45:04 PET">
  <testcase classname="cs.lab.VaccineTest" name="testCase1" time="0.094"/>
  <testcase classname="cs.lab.VaccineTest" name="testCase2" time="0.005"/>
  <testcase classname="cs.lab.VaccineTest" name="testCase3" time="0.002"/>
</testsuite> <!-- Surefire test -->
