<?xml version="1.0" encoding="UTF-8"?>
<!-- Generated by org.testng.reporters.JUnitXMLReporter -->
<testsuite ignored="0" hostname="DESKTOP-1ENRTF8" failures="0" tests="4" name="Surefire test" time="0.151" errors="0" timestamp="2021-07-26T18:23:03 PET">
  <testcase classname="cs.lab.VaccineTest" name="testCase1" time="0.051"/>
  <testcase classname="cs.lab.VaccineTest" name="testCase2" time="0.002"/>
  <testcase classname="cs.lab.VaccineTest" name="testCase3" time="0.024"/>
  <testcase classname="cs.lab.VaccineTest" name="testCase4" time="0.001"/>
</testsuite> <!-- Surefire test -->
