<?xml version="1.0" encoding="UTF-8"?>
<testng-results ignored="0" total="3" passed="3" failed="0" skipped="0">
  <reporter-output>
  </reporter-output>
  <suite started-at="2021-07-26T17:45:04 PET" name="Surefire suite" finished-at="2021-07-26T17:45:04 PET" duration-ms="263">
    <groups>
    </groups>
    <test started-at="2021-07-26T17:45:04 PET" name="Surefire test" finished-at="2021-07-26T17:45:04 PET" duration-ms="263">
      <class name="cs.lab.VaccineTest">
        <test-method signature="testCase1()[pri:0, instance:cs.lab.VaccineTest@3b2f4a93]" started-at="2021-07-26T17:45:04 PET" name="testCase1" finished-at="2021-07-26T17:45:04 PET" duration-ms="94" status="PASS">
          <reporter-output>
          </reporter-output>
        </test-method> <!-- testCase1 -->
        <test-method signature="testCase2()[pri:0, instance:cs.lab.VaccineTest@3b2f4a93]" started-at="2021-07-26T17:45:04 PET" name="testCase2" finished-at="2021-07-26T17:45:04 PET" duration-ms="5" status="PASS">
          <reporter-output>
          </reporter-output>
        </test-method> <!-- testCase2 -->
        <test-method signature="testCase3()[pri:0, instance:cs.lab.VaccineTest@3b2f4a93]" started-at="2021-07-26T17:45:04 PET" name="testCase3" finished-at="2021-07-26T17:45:04 PET" duration-ms="2" status="PASS">
          <reporter-output>
          </reporter-output>
        </test-method> <!-- testCase3 -->
      </class> <!-- cs.lab.VaccineTest -->
    </test> <!-- Surefire test -->
  </suite> <!-- Surefire suite -->
</testng-results>
