<?xml version="1.0" encoding="UTF-8"?>
<testng-results ignored="0" total="4" passed="4" failed="0" skipped="0">
  <reporter-output>
  </reporter-output>
  <suite started-at="2021-07-26T18:23:02 PET" name="Surefire suite" finished-at="2021-07-26T18:23:03 PET" duration-ms="151">
    <groups>
    </groups>
    <test started-at="2021-07-26T18:23:02 PET" name="Surefire test" finished-at="2021-07-26T18:23:03 PET" duration-ms="151">
      <class name="cs.lab.VaccineTest">
        <test-method signature="testCase1()[pri:0, instance:cs.lab.VaccineTest@6fa69af7]" started-at="2021-07-26T18:23:02 PET" name="testCase1" finished-at="2021-07-26T18:23:02 PET" duration-ms="51" status="PASS">
          <reporter-output>
          </reporter-output>
        </test-method> <!-- testCase1 -->
        <test-method signature="testCase2()[pri:0, instance:cs.lab.VaccineTest@6fa69af7]" started-at="2021-07-26T18:23:02 PET" name="testCase2" finished-at="2021-07-26T18:23:02 PET" duration-ms="2" status="PASS">
          <reporter-output>
          </reporter-output>
        </test-method> <!-- testCase2 -->
        <test-method signature="testCase3()[pri:0, instance:cs.lab.VaccineTest@6fa69af7]" started-at="2021-07-26T18:23:02 PET" name="testCase3" finished-at="2021-07-26T18:23:03 PET" duration-ms="24" status="PASS">
          <reporter-output>
          </reporter-output>
        </test-method> <!-- testCase3 -->
        <test-method signature="testCase4()[pri:0, instance:cs.lab.VaccineTest@6fa69af7]" started-at="2021-07-26T18:23:03 PET" name="testCase4" finished-at="2021-07-26T18:23:03 PET" duration-ms="1" status="PASS">
          <reporter-output>
          </reporter-output>
        </test-method> <!-- testCase4 -->
      </class> <!-- cs.lab.VaccineTest -->
    </test> <!-- Surefire test -->
  </suite> <!-- Surefire suite -->
</testng-results>
