<?xml version="1.0" encoding="UTF-8"?>
<testsuite xmlns:xsi="http://www.w3.org/2001/XMLSchema-instance" xsi:noNamespaceSchemaLocation="https://maven.apache.org/surefire/maven-surefire-plugin/xsd/surefire-test-report.xsd" name="cs.lab.VaccinatorTest" time="1.248" tests="2" errors="0" skipped="0" failures="0">
  <properties>
[...]
</properties>
  <testcase name="testCase1" classname="cs.lab.VaccinatorTest" time="0.023"/>
  <testcase name="testCase2" classname="cs.lab.VaccinatorTest" time="0"/>
</testsuite>